{"C:\\Users\\ariae\\OneDrive\\Documents\\github-repos\\node-clean-architecture\\04-multiplication-app\\src\\app.ts": {"path":"C:\\Users\\ariae\\OneDrive\\Documents\\github-repos\\node-clean-architecture\\04-multiplication-app\\src\\app.ts","all":false,"statementMap":{"0":{"start":{"line":1,"column":0},"end":{"line":1,"column":53}},"1":{"start":{"line":2,"column":0},"end":{"line":2,"column":54}},"2":{"start":{"line":3,"column":0},"end":{"line":3,"column":0}},"3":{"start":{"line":4,"column":0},"end":{"line":4,"column":14}},"4":{"start":{"line":5,"column":0},"end":{"line":5,"column":15}},"5":{"start":{"line":6,"column":0},"end":{"line":6,"column":4}},"6":{"start":{"line":7,"column":0},"end":{"line":7,"column":0}},"7":{"start":{"line":8,"column":0},"end":{"line":8,"column":24}},"8":{"start":{"line":9,"column":0},"end":{"line":9,"column":25}},"9":{"start":{"line":10,"column":0},"end":{"line":10,"column":71}},"10":{"start":{"line":11,"column":0},"end":{"line":11,"column":56}},"11":{"start":{"line":12,"column":0},"end":{"line":12,"column":1}},"12":{"start":{"line":13,"column":0},"end":{"line":13,"column":0}},"13":{"start":{"line":14,"column":0},"end":{"line":14,"column":2}},"14":{"start":{"line":15,"column":0},"end":{"line":15,"column":97}},"15":{"start":{"line":16,"column":0},"end":{"line":16,"column":2}}},"s":{"0":1,"1":1,"2":1,"3":1,"4":1,"5":1,"6":1,"7":1,"8":1,"9":1,"10":1,"11":1,"12":1,"13":1,"14":1,"15":1},"branchMap":{"0":{"type":"branch","line":4,"loc":{"start":{"line":4,"column":1},"end":{"line":6,"column":2}},"locations":[{"start":{"line":4,"column":1},"end":{"line":6,"column":2}}]},"1":{"type":"branch","line":4,"loc":{"start":{"line":4,"column":12},"end":{"line":6,"column":2}},"locations":[{"start":{"line":4,"column":12},"end":{"line":6,"column":2}}]},"2":{"type":"branch","line":8,"loc":{"start":{"line":8,"column":0},"end":{"line":12,"column":1}},"locations":[{"start":{"line":8,"column":0},"end":{"line":12,"column":1}}]}},"b":{"0":[1],"1":[1],"2":[1]},"fnMap":{"0":{"name":"main","decl":{"start":{"line":8,"column":0},"end":{"line":12,"column":1}},"loc":{"start":{"line":8,"column":0},"end":{"line":12,"column":1}},"line":8}},"f":{"0":1}}
,"C:\\Users\\ariae\\OneDrive\\Documents\\github-repos\\node-clean-architecture\\04-multiplication-app\\src\\config\\plugins\\yargs.plugin.ts": {"path":"C:\\Users\\ariae\\OneDrive\\Documents\\github-repos\\node-clean-architecture\\04-multiplication-app\\src\\config\\plugins\\yargs.plugin.ts","all":false,"statementMap":{"0":{"start":{"line":1,"column":0},"end":{"line":1,"column":26}},"1":{"start":{"line":2,"column":0},"end":{"line":2,"column":40}},"2":{"start":{"line":3,"column":0},"end":{"line":3,"column":0}},"3":{"start":{"line":4,"column":0},"end":{"line":4,"column":48}},"4":{"start":{"line":5,"column":0},"end":{"line":5,"column":46}},"5":{"start":{"line":6,"column":0},"end":{"line":6,"column":18}},"6":{"start":{"line":7,"column":0},"end":{"line":7,"column":19}},"7":{"start":{"line":8,"column":0},"end":{"line":8,"column":23}},"8":{"start":{"line":9,"column":0},"end":{"line":9,"column":42}},"9":{"start":{"line":10,"column":0},"end":{"line":10,"column":4}},"10":{"start":{"line":11,"column":0},"end":{"line":11,"column":16}},"11":{"start":{"line":12,"column":0},"end":{"line":12,"column":19}},"12":{"start":{"line":13,"column":0},"end":{"line":13,"column":19}},"13":{"start":{"line":14,"column":0},"end":{"line":14,"column":16}},"14":{"start":{"line":15,"column":0},"end":{"line":15,"column":47}},"15":{"start":{"line":16,"column":0},"end":{"line":16,"column":4}},"16":{"start":{"line":17,"column":0},"end":{"line":17,"column":16}},"17":{"start":{"line":18,"column":0},"end":{"line":18,"column":18}},"18":{"start":{"line":19,"column":0},"end":{"line":19,"column":20}},"19":{"start":{"line":20,"column":0},"end":{"line":20,"column":19}},"20":{"start":{"line":21,"column":0},"end":{"line":21,"column":61}},"21":{"start":{"line":22,"column":0},"end":{"line":22,"column":4}},"22":{"start":{"line":23,"column":0},"end":{"line":23,"column":16}},"23":{"start":{"line":24,"column":0},"end":{"line":24,"column":18}},"24":{"start":{"line":25,"column":0},"end":{"line":25,"column":19}},"25":{"start":{"line":26,"column":0},"end":{"line":26,"column":35}},"26":{"start":{"line":27,"column":0},"end":{"line":27,"column":33}},"27":{"start":{"line":28,"column":0},"end":{"line":28,"column":4}},"28":{"start":{"line":29,"column":0},"end":{"line":29,"column":16}},"29":{"start":{"line":30,"column":0},"end":{"line":30,"column":25}},"30":{"start":{"line":31,"column":0},"end":{"line":31,"column":19}},"31":{"start":{"line":32,"column":0},"end":{"line":32,"column":23}},"32":{"start":{"line":33,"column":0},"end":{"line":33,"column":48}},"33":{"start":{"line":34,"column":0},"end":{"line":34,"column":4}},"34":{"start":{"line":35,"column":0},"end":{"line":35,"column":29}},"35":{"start":{"line":36,"column":0},"end":{"line":36,"column":26}},"36":{"start":{"line":37,"column":0},"end":{"line":37,"column":63}},"37":{"start":{"line":38,"column":0},"end":{"line":38,"column":16}},"38":{"start":{"line":39,"column":0},"end":{"line":39,"column":4}},"39":{"start":{"line":40,"column":0},"end":{"line":40,"column":15}}},"s":{"0":1,"1":1,"2":1,"3":1,"4":1,"5":1,"6":1,"7":1,"8":1,"9":1,"10":1,"11":1,"12":1,"13":1,"14":1,"15":1,"16":1,"17":1,"18":1,"19":1,"20":1,"21":1,"22":1,"23":1,"24":1,"25":1,"26":1,"27":1,"28":1,"29":1,"30":1,"31":1,"32":1,"33":1,"34":1,"35":3,"36":3,"37":3,"38":3,"39":1},"branchMap":{"0":{"type":"branch","line":35,"loc":{"start":{"line":35,"column":9},"end":{"line":39,"column":4}},"locations":[{"start":{"line":35,"column":9},"end":{"line":39,"column":4}}]},"1":{"type":"branch","line":37,"loc":{"start":{"line":37,"column":20},"end":{"line":37,"column":63}},"locations":[{"start":{"line":37,"column":20},"end":{"line":37,"column":63}}]}},"b":{"0":[3],"1":[0]},"fnMap":{},"f":{}}
,"C:\\Users\\ariae\\OneDrive\\Documents\\github-repos\\node-clean-architecture\\04-multiplication-app\\src\\domain\\use-cases\\create-table.use-case.ts": {"path":"C:\\Users\\ariae\\OneDrive\\Documents\\github-repos\\node-clean-architecture\\04-multiplication-app\\src\\domain\\use-cases\\create-table.use-case.ts","all":false,"statementMap":{"0":{"start":{"line":1,"column":0},"end":{"line":1,"column":39}},"1":{"start":{"line":2,"column":0},"end":{"line":2,"column":52}},"2":{"start":{"line":3,"column":0},"end":{"line":3,"column":1}},"3":{"start":{"line":4,"column":0},"end":{"line":4,"column":0}},"4":{"start":{"line":5,"column":0},"end":{"line":5,"column":38}},"5":{"start":{"line":6,"column":0},"end":{"line":6,"column":15}},"6":{"start":{"line":7,"column":0},"end":{"line":7,"column":17}},"7":{"start":{"line":8,"column":0},"end":{"line":8,"column":1}},"8":{"start":{"line":9,"column":0},"end":{"line":9,"column":0}},"9":{"start":{"line":10,"column":0},"end":{"line":10,"column":56}},"10":{"start":{"line":11,"column":0},"end":{"line":11,"column":15}},"11":{"start":{"line":12,"column":0},"end":{"line":12,"column":33}},"12":{"start":{"line":13,"column":0},"end":{"line":13,"column":6}},"13":{"start":{"line":14,"column":0},"end":{"line":14,"column":0}},"14":{"start":{"line":15,"column":0},"end":{"line":15,"column":61}},"15":{"start":{"line":16,"column":0},"end":{"line":16,"column":32}},"16":{"start":{"line":17,"column":0},"end":{"line":17,"column":41}},"17":{"start":{"line":18,"column":0},"end":{"line":18,"column":52}},"18":{"start":{"line":19,"column":0},"end":{"line":19,"column":40}},"19":{"start":{"line":20,"column":0},"end":{"line":20,"column":5}},"20":{"start":{"line":21,"column":0},"end":{"line":21,"column":22}},"21":{"start":{"line":22,"column":0},"end":{"line":22,"column":3}},"22":{"start":{"line":23,"column":0},"end":{"line":23,"column":1}}},"s":{"0":1,"1":1,"2":1,"3":1,"4":1,"5":1,"6":1,"7":1,"8":1,"9":1,"10":1,"11":2,"12":2,"13":1,"14":1,"15":1,"16":1,"17":20,"18":20,"19":20,"20":1,"21":1,"22":1},"branchMap":{"0":{"type":"branch","line":11,"loc":{"start":{"line":11,"column":2},"end":{"line":13,"column":6}},"locations":[{"start":{"line":11,"column":2},"end":{"line":13,"column":6}}]},"1":{"type":"branch","line":15,"loc":{"start":{"line":15,"column":2},"end":{"line":22,"column":3}},"locations":[{"start":{"line":15,"column":2},"end":{"line":22,"column":3}}]},"2":{"type":"branch","line":17,"loc":{"start":{"line":17,"column":40},"end":{"line":20,"column":5}},"locations":[{"start":{"line":17,"column":40},"end":{"line":20,"column":5}}]},"3":{"type":"branch","line":19,"loc":{"start":{"line":19,"column":19},"end":{"line":19,"column":38}},"locations":[{"start":{"line":19,"column":19},"end":{"line":19,"column":38}}]}},"b":{"0":[2],"1":[1],"2":[20],"3":[19]},"fnMap":{"0":{"name":"CreateTable","decl":{"start":{"line":11,"column":2},"end":{"line":13,"column":6}},"loc":{"start":{"line":11,"column":2},"end":{"line":13,"column":6}},"line":11},"1":{"name":"execute","decl":{"start":{"line":15,"column":2},"end":{"line":22,"column":3}},"loc":{"start":{"line":15,"column":2},"end":{"line":22,"column":3}},"line":15}},"f":{"0":2,"1":1}}
,"C:\\Users\\ariae\\OneDrive\\Documents\\github-repos\\node-clean-architecture\\04-multiplication-app\\src\\domain\\use-cases\\save-file.use-case.ts": {"path":"C:\\Users\\ariae\\OneDrive\\Documents\\github-repos\\node-clean-architecture\\04-multiplication-app\\src\\domain\\use-cases\\save-file.use-case.ts","all":false,"statementMap":{"0":{"start":{"line":1,"column":0},"end":{"line":1,"column":25}},"1":{"start":{"line":2,"column":0},"end":{"line":2,"column":0}},"2":{"start":{"line":3,"column":0},"end":{"line":3,"column":35}},"3":{"start":{"line":4,"column":0},"end":{"line":4,"column":41}},"4":{"start":{"line":5,"column":0},"end":{"line":5,"column":1}},"5":{"start":{"line":6,"column":0},"end":{"line":6,"column":0}},"6":{"start":{"line":7,"column":0},"end":{"line":7,"column":27}},"7":{"start":{"line":8,"column":0},"end":{"line":8,"column":22}},"8":{"start":{"line":9,"column":0},"end":{"line":9,"column":23}},"9":{"start":{"line":10,"column":0},"end":{"line":10,"column":20}},"10":{"start":{"line":11,"column":0},"end":{"line":11,"column":15}},"11":{"start":{"line":12,"column":0},"end":{"line":12,"column":1}},"12":{"start":{"line":13,"column":0},"end":{"line":13,"column":0}},"13":{"start":{"line":14,"column":0},"end":{"line":14,"column":51}},"14":{"start":{"line":15,"column":0},"end":{"line":15,"column":15}},"15":{"start":{"line":16,"column":0},"end":{"line":16,"column":9}},"16":{"start":{"line":17,"column":0},"end":{"line":17,"column":6}},"17":{"start":{"line":18,"column":0},"end":{"line":18,"column":0}},"18":{"start":{"line":19,"column":0},"end":{"line":19,"column":97}},"19":{"start":{"line":20,"column":0},"end":{"line":20,"column":9}},"20":{"start":{"line":21,"column":0},"end":{"line":21,"column":41}},"21":{"start":{"line":22,"column":0},"end":{"line":22,"column":56}},"22":{"start":{"line":23,"column":0},"end":{"line":23,"column":10}},"23":{"start":{"line":24,"column":0},"end":{"line":24,"column":70}},"24":{"start":{"line":25,"column":0},"end":{"line":25,"column":84}},"25":{"start":{"line":26,"column":0},"end":{"line":26,"column":18}},"26":{"start":{"line":27,"column":0},"end":{"line":27,"column":19}},"27":{"start":{"line":28,"column":0},"end":{"line":28,"column":28}},"28":{"start":{"line":29,"column":0},"end":{"line":29,"column":19}},"29":{"start":{"line":30,"column":0},"end":{"line":30,"column":5}},"30":{"start":{"line":31,"column":0},"end":{"line":31,"column":3}},"31":{"start":{"line":32,"column":0},"end":{"line":32,"column":1}}},"s":{"0":1,"1":1,"2":1,"3":1,"4":1,"5":1,"6":1,"7":1,"8":1,"9":1,"10":1,"11":1,"12":1,"13":1,"14":1,"15":5,"16":5,"17":1,"18":1,"19":4,"20":4,"21":4,"22":4,"23":4,"24":4,"25":4,"26":4,"27":2,"28":2,"29":2,"30":4,"31":1},"branchMap":{"0":{"type":"branch","line":15,"loc":{"start":{"line":15,"column":2},"end":{"line":17,"column":6}},"locations":[{"start":{"line":15,"column":2},"end":{"line":17,"column":6}}]},"1":{"type":"branch","line":19,"loc":{"start":{"line":19,"column":2},"end":{"line":31,"column":3}},"locations":[{"start":{"line":19,"column":2},"end":{"line":31,"column":3}}]},"2":{"type":"branch","line":27,"loc":{"start":{"line":27,"column":6},"end":{"line":30,"column":5}},"locations":[{"start":{"line":27,"column":6},"end":{"line":30,"column":5}}]}},"b":{"0":[5],"1":[4],"2":[2]},"fnMap":{"0":{"name":"SaveFile","decl":{"start":{"line":15,"column":2},"end":{"line":17,"column":6}},"loc":{"start":{"line":15,"column":2},"end":{"line":17,"column":6}},"line":15},"1":{"name":"execute","decl":{"start":{"line":19,"column":2},"end":{"line":31,"column":3}},"loc":{"start":{"line":19,"column":2},"end":{"line":31,"column":3}},"line":19}},"f":{"0":5,"1":4}}
,"C:\\Users\\ariae\\OneDrive\\Documents\\github-repos\\node-clean-architecture\\04-multiplication-app\\src\\presentation\\server-app.ts": {"path":"C:\\Users\\ariae\\OneDrive\\Documents\\github-repos\\node-clean-architecture\\04-multiplication-app\\src\\presentation\\server-app.ts","all":false,"statementMap":{"0":{"start":{"line":1,"column":0},"end":{"line":1,"column":72}},"1":{"start":{"line":2,"column":0},"end":{"line":2,"column":66}},"2":{"start":{"line":3,"column":0},"end":{"line":3,"column":0}},"3":{"start":{"line":4,"column":0},"end":{"line":4,"column":30}},"4":{"start":{"line":5,"column":0},"end":{"line":5,"column":15}},"5":{"start":{"line":6,"column":0},"end":{"line":6,"column":16}},"6":{"start":{"line":7,"column":0},"end":{"line":7,"column":16}},"7":{"start":{"line":8,"column":0},"end":{"line":8,"column":15}},"8":{"start":{"line":9,"column":0},"end":{"line":9,"column":22}},"9":{"start":{"line":10,"column":0},"end":{"line":10,"column":1}},"10":{"start":{"line":11,"column":0},"end":{"line":11,"column":0}},"11":{"start":{"line":12,"column":0},"end":{"line":12,"column":24}},"12":{"start":{"line":13,"column":0},"end":{"line":13,"column":0}},"13":{"start":{"line":14,"column":0},"end":{"line":14,"column":75}},"14":{"start":{"line":15,"column":0},"end":{"line":15,"column":45}},"15":{"start":{"line":16,"column":0},"end":{"line":16,"column":0}},"16":{"start":{"line":17,"column":0},"end":{"line":17,"column":59}},"17":{"start":{"line":18,"column":0},"end":{"line":18,"column":4}},"18":{"start":{"line":19,"column":0},"end":{"line":19,"column":126}},"19":{"start":{"line":20,"column":0},"end":{"line":20,"column":4}},"20":{"start":{"line":21,"column":0},"end":{"line":21,"column":33}},"21":{"start":{"line":22,"column":0},"end":{"line":22,"column":4}},"22":{"start":{"line":23,"column":0},"end":{"line":23,"column":21}},"23":{"start":{"line":24,"column":0},"end":{"line":24,"column":50}},"24":{"start":{"line":25,"column":0},"end":{"line":25,"column":51}},"25":{"start":{"line":26,"column":0},"end":{"line":26,"column":3}},"26":{"start":{"line":27,"column":0},"end":{"line":27,"column":0}},"27":{"start":{"line":28,"column":0},"end":{"line":28,"column":1}}},"s":{"0":1,"1":1,"2":1,"3":1,"4":1,"5":1,"6":1,"7":1,"8":1,"9":1,"10":1,"11":1,"12":1,"13":1,"14":1,"15":1,"16":1,"17":1,"18":1,"19":1,"20":1,"21":1,"22":1,"23":1,"24":1,"25":1,"26":1,"27":1},"branchMap":{"0":{"type":"branch","line":14,"loc":{"start":{"line":14,"column":16},"end":{"line":26,"column":3}},"locations":[{"start":{"line":14,"column":16},"end":{"line":26,"column":3}}]},"1":{"type":"branch","line":25,"loc":{"start":{"line":25,"column":6},"end":{"line":25,"column":51}},"locations":[{"start":{"line":25,"column":6},"end":{"line":25,"column":51}}]}},"b":{"0":[1],"1":[0]},"fnMap":{"0":{"name":"run","decl":{"start":{"line":14,"column":16},"end":{"line":26,"column":3}},"loc":{"start":{"line":14,"column":16},"end":{"line":26,"column":3}},"line":14}},"f":{"0":1}}
}
